<?xml version="1.0" encoding="UTF-8"?>
<!-- Generated by org.testng.reporters.JUnitXMLReporter -->
<testsuite ignored="0" hostname="Swasthik" failures="1" tests="1" name="Surefire test" time="4.784" errors="0" timestamp="2024-03-04T18:14:00 IST">
  <testcase classname="epack.DemoTest" name="testOne" time="4.636">
    <failure type="java.lang.AssertionError" message="expected [PracticeAutomationHere] but found [PracticeAutomationHere1]">
      <![CDATA[java.lang.AssertionError: expected [PracticeAutomationHere] but found [PracticeAutomationHere1]
at epack.DemoTest.testOne(DemoTest.java:26)
at java.base/java.util.ArrayList.forEach(ArrayList.java:1596)
... Removed 36 stack frames]]>
    </failure>
  </testcase> <!-- testOne -->
</testsuite> <!-- Surefire test -->
