<?xml version="1.0" encoding="UTF-8"?>
<testng-results ignored="0" total="1" passed="1" failed="0" skipped="0">
  <reporter-output>
  </reporter-output>
  <suite started-at="2024-03-19T17:55:41 IST" name="Default suite" finished-at="2024-03-19T17:55:50 IST" duration-ms="9365">
    <groups>
    </groups>
    <test started-at="2024-03-19T17:55:41 IST" name="Default test" finished-at="2024-03-19T17:55:50 IST" duration-ms="9365">
      <class name="epack.DemoTest">
        <test-method is-config="true" signature="configuration()[pri:0, instance:epack.DemoTest@2ddc9a9f]" started-at="2024-03-19T17:55:41 IST" name="configuration" finished-at="2024-03-19T17:55:41 IST" duration-ms="221" status="PASS">
          <reporter-output>
          </reporter-output>
        </test-method> <!-- configuration -->
        <test-method signature="testOne()[pri:0, instance:epack.DemoTest@2ddc9a9f]" started-at="2024-03-19T17:55:41 IST" name="testOne" finished-at="2024-03-19T17:55:50 IST" duration-ms="8651" status="PASS">
          <reporter-output>
          </reporter-output>
        </test-method> <!-- testOne -->
        <test-method is-config="true" signature="tearDown()[pri:0, instance:epack.DemoTest@2ddc9a9f]" started-at="2024-03-19T17:55:50 IST" name="tearDown" finished-at="2024-03-19T17:55:50 IST" duration-ms="446" status="PASS">
          <reporter-output>
          </reporter-output>
        </test-method> <!-- tearDown -->
      </class> <!-- epack.DemoTest -->
    </test> <!-- Default test -->
  </suite> <!-- Default suite -->
</testng-results>
